2026-06-11 07:39:35,971 [INFO] Activator:176 - 


2026-06-11 07:39:35,976 [INFO] Activator:177 - !SESSION log4j initialized
2026-06-11 07:39:41,589 [ERROR] LogOutputStream:75 - [STDERR_REDIRECT] jun 11, 2026 7:39:41 A. M. org.apache.lucene.internal.vectorization.VectorizationProvider lookup
2026-06-11 07:39:41,594 [ERROR] LogOutputStream:75 - [STDERR_REDIRECT] ADVERTENCIA: Java vector incubator module is not readable. For optimal vector performance, pass '--add-modules jdk.incubator.vector' to enable Vector API.
2026-06-11 07:39:41,596 [ERROR] LogOutputStream:75 - [STDERR_REDIRECT] 
2026-06-11 07:39:43,888 [INFO] LogOutputStream:77 - [STDOUT_REDIRECT] 
2026-06-11 07:39:52,642 [INFO] ApplicationProperties:184 - Using Application install path: C:\ST\STM32CubeIDE_1.19.0_UBA\STM32CubeIDE\plugins\com.st.stm32cube.common.mx_6.15.0.202507011659
2026-06-11 07:39:52,663 [INFO] DbMcusXml:78 - Set database path to: C:\ST\STM32CubeIDE_1.19.0_UBA\STM32CubeIDE\plugins\com.st.stm32cube.common.mx_6.15.0.202507011659\\db\/mcu/
2026-06-11 07:39:52,664 [INFO] ApiDb:274 - Set plugin database path to: C:\ST\STM32CubeIDE_1.19.0_UBA\STM32CubeIDE\plugins\com.st.stm32cube.common.mx_6.15.0.202507011659\\db\/plugins/boardmanager/
2026-06-11 07:39:52,664 [WARN] ApiDb:259 - Overriding images path with different value:  => C:\ST\STM32CubeIDE_1.19.0_UBA\STM32CubeIDE\plugins\com.st.stm32cube.common.mx_6.15.0.202507011659\\db\/plugins/mcufinder/images/
2026-06-11 07:39:52,692 [INFO] ApiDb:250 - Set database path to: C:\Users\javie\.stmcufinder\plugins\mcufinder//mcu/
2026-06-11 07:39:52,694 [INFO] DbMcusAds:125 - Set database path to: C:\Users\javie\.stmcufinder\plugins\mcufinder//mcu/
2026-06-11 07:39:52,697 [INFO] CrossReferenceDbSqlite:203 - Set database path to: C:\Users\javie\.stmcufinder\plugins\mcufinder//mcu/cs/
2026-06-11 07:39:52,833 [INFO] RulesReader:64 - Compatibility file has been processed (317 Rules)
2026-06-11 07:39:52,922 [INFO] DbMcusXml:78 - Set database path to: C:\ST\STM32CubeIDE_1.19.0_UBA\STM32CubeIDE\plugins\com.st.stm32cube.common.mx_6.15.0.202507011659\\db\/mcu/
2026-06-11 07:39:52,922 [INFO] ApiDb:274 - Set plugin database path to: C:\ST\STM32CubeIDE_1.19.0_UBA\STM32CubeIDE\plugins\com.st.stm32cube.common.mx_6.15.0.202507011659\\db\/plugins/boardmanager/
2026-06-11 07:39:52,922 [INFO] ApiDb:261 - Set plugin images path to: C:\ST\STM32CubeIDE_1.19.0_UBA\STM32CubeIDE\plugins\com.st.stm32cube.common.mx_6.15.0.202507011659\\db\/plugins/mcufinder/images/
2026-06-11 07:39:52,922 [WARN] DbFile:41 - Overriding database path with different value: C:\Users\javie\.stmcufinder\plugins\mcufinder/ => C:\Users\javie\.stmcufinder\plugins\mcufinder
2026-06-11 07:39:52,922 [INFO] ApiDb:250 - Set database path to: C:\Users\javie\.stmcufinder\plugins\mcufinder//mcu/
2026-06-11 07:39:52,922 [WARN] DbFile:41 - Overriding database path with different value: C:\Users\javie\.stmcufinder\plugins\mcufinder/ => C:\Users\javie\.stmcufinder\plugins\mcufinder
2026-06-11 07:39:52,923 [INFO] DbMcusAds:125 - Set database path to: C:\Users\javie\.stmcufinder\plugins\mcufinder//mcu/
2026-06-11 07:39:52,923 [WARN] DbFile:41 - Overriding database path with different value: C:\Users\javie\.stmcufinder\plugins\mcufinder/ => C:\Users\javie\.stmcufinder\plugins\mcufinder
2026-06-11 07:39:52,923 [WARN] DbFile:41 - Overriding database path with different value: C:\Users\javie\.stmcufinder\plugins\mcufinder/ => C:\Users\javie\.stmcufinder\plugins\mcufinder
2026-06-11 07:39:52,923 [INFO] CrossReferenceDbSqlite:203 - Set database path to: C:\Users\javie\.stmcufinder\plugins\mcufinder//mcu/cs/
2026-06-11 07:39:53,019 [INFO] MainPanel:274 - HeapMemory: 268435456
2026-06-11 07:39:53,164 [INFO] DbMcusXml:78 - Set database path to: C:\ST\STM32CubeIDE_1.19.0_UBA\STM32CubeIDE\plugins\com.st.stm32cube.common.mx_6.15.0.202507011659\\db\/mcu/
2026-06-11 07:39:53,164 [INFO] ApiDb:274 - Set plugin database path to: C:\ST\STM32CubeIDE_1.19.0_UBA\STM32CubeIDE\plugins\com.st.stm32cube.common.mx_6.15.0.202507011659\\db\/plugins/boardmanager/
2026-06-11 07:39:53,164 [INFO] ApiDb:261 - Set plugin images path to: C:\ST\STM32CubeIDE_1.19.0_UBA\STM32CubeIDE\plugins\com.st.stm32cube.common.mx_6.15.0.202507011659\\db\/plugins/mcufinder/images/
2026-06-11 07:39:53,164 [WARN] DbFile:41 - Overriding database path with different value: C:\Users\javie\.stmcufinder\plugins\mcufinder/ => C:\Users\javie\.stmcufinder\plugins\mcufinder
2026-06-11 07:39:53,165 [INFO] ApiDb:250 - Set database path to: C:\Users\javie\.stmcufinder\plugins\mcufinder//mcu/
2026-06-11 07:39:53,165 [WARN] DbFile:41 - Overriding database path with different value: C:\Users\javie\.stmcufinder\plugins\mcufinder/ => C:\Users\javie\.stmcufinder\plugins\mcufinder
2026-06-11 07:39:53,165 [INFO] DbMcusAds:125 - Set database path to: C:\Users\javie\.stmcufinder\plugins\mcufinder//mcu/
2026-06-11 07:39:53,165 [WARN] DbFile:41 - Overriding database path with different value: C:\Users\javie\.stmcufinder\plugins\mcufinder/ => C:\Users\javie\.stmcufinder\plugins\mcufinder
2026-06-11 07:39:53,165 [WARN] DbFile:41 - Overriding database path with different value: C:\Users\javie\.stmcufinder\plugins\mcufinder/ => C:\Users\javie\.stmcufinder\plugins\mcufinder
2026-06-11 07:39:53,165 [INFO] CrossReferenceDbSqlite:203 - Set database path to: C:\Users\javie\.stmcufinder\plugins\mcufinder//mcu/cs/
2026-06-11 07:39:53,186 [INFO] ApplicationProperties:184 - Using Application install path: C:\ST\STM32CubeIDE_1.19.0_UBA\STM32CubeIDE\plugins\com.st.stm32cube.common.mx_6.15.0.202507011659
2026-06-11 07:39:53,188 [INFO] PluginManage:196 - Search for loadable plugins [exclusion list=, ]
2026-06-11 07:39:53,190 [INFO] PluginManage:310 - Check plugin analytics
2026-06-11 07:39:58,338 [INFO] AnalyticsPlugin:253 - Accepted Software Licenses: STM32CubeMX.6.4.0,STM32CubeMX.6.7.0
2026-06-11 07:39:58,339 [INFO] AnalyticsPlugin:255 - Accepted CMSIS Pack Licenses: 
2026-06-11 07:39:58,339 [INFO] AnalyticsPlugin:257 - Accepted Firmware Licenses: FW.U5.1.0.0,FW.F4.1.28.0,FW.F7.1.17.0,FW.G0.1.6.0,FW.H5.1.5.0,FW.L4.1.18.0,FW.U5.1.8.0
2026-06-11 07:39:58,342 [INFO] PluginManage:359 - Loaded plugin analytics (category:tool,tabindex:-1)
2026-06-11 07:39:58,343 [INFO] PluginManage:310 - Check plugin cadmodel
2026-06-11 07:39:58,353 [INFO] CADModel:105 - Init CAD model plugin
2026-06-11 07:39:58,354 [INFO] PluginManage:359 - Loaded plugin cadmodel (category:power,tabindex:5)
2026-06-11 07:39:58,354 [INFO] PluginManage:310 - Check plugin clock
2026-06-11 07:39:58,368 [INFO] PluginManage:359 - Loaded plugin clock (category:base,tabindex:2)
2026-06-11 07:39:58,368 [INFO] PluginManage:310 - Check plugin ddr
2026-06-11 07:39:58,370 [INFO] PluginManage:359 - Loaded plugin ddr (category:tool,tabindex:6)
2026-06-11 07:39:58,371 [INFO] PluginManage:310 - Check plugin filemanager
2026-06-11 07:39:58,534 [INFO] PluginManage:359 - Loaded plugin filemanager (category:base,tabindex:10)
2026-06-11 07:39:58,535 [INFO] PluginManage:310 - Check plugin ipmanager
2026-06-11 07:39:58,542 [INFO] PluginManage:359 - Loaded plugin ipmanager (category:base,tabindex:5)
2026-06-11 07:39:58,542 [INFO] PluginManage:310 - Check plugin lpbam
2026-06-11 07:39:58,716 [INFO] PluginManage:359 - Loaded plugin lpbam (category:base,tabindex:0)
2026-06-11 07:39:58,717 [INFO] PluginManage:310 - Check plugin memorymap
2026-06-11 07:39:58,880 [INFO] PluginManage:359 - Loaded plugin memorymap (category:base,tabindex:4)
2026-06-11 07:39:58,880 [INFO] PluginManage:310 - Check plugin pinoutandconfiguration
2026-06-11 07:39:58,895 [INFO] PluginManage:359 - Loaded plugin pinoutandconfiguration (category:base,tabindex:1)
2026-06-11 07:39:58,895 [INFO] PluginManage:310 - Check plugin pinoutconfig
2026-06-11 07:39:59,005 [WARN] SupportedApi:132 - Cannot load RTOS API schema: s4s-elt-must-match.1: The content of 'definitions' must match (annotation?, (simpleType | complexType)?, (unique | key | keyref)*)). A problem was found starting at: attribute.
2026-06-11 07:39:59,159 [INFO] PluginManage:359 - Loaded plugin pinoutconfig (category:base,tabindex:0)
2026-06-11 07:39:59,160 [INFO] PluginManage:310 - Check plugin power
2026-06-11 07:39:59,175 [INFO] PluginManage:359 - Loaded plugin power (category:power,tabindex:4)
2026-06-11 07:39:59,175 [INFO] PluginManage:310 - Check plugin projectmanager
2026-06-11 07:39:59,189 [INFO] PluginManage:359 - Loaded plugin projectmanager (category:projectmanager,tabindex:4)
2026-06-11 07:39:59,190 [INFO] PluginManage:310 - Check plugin rif
2026-06-11 07:39:59,205 [INFO] PluginManage:359 - Loaded plugin rif (category:base,tabindex:3)
2026-06-11 07:39:59,205 [INFO] PluginManage:310 - Check plugin thirdparty
2026-06-11 07:39:59,411 [INFO] PluginManage:359 - Loaded plugin thirdparty (category:base,tabindex:-1)
2026-06-11 07:39:59,411 [WARN] IntegrityCheckThread:84 - waiting for thirdparty lock release [integrity check]
2026-06-11 07:39:59,411 [INFO] PluginManage:310 - Check plugin tools
2026-06-11 07:39:59,411 [INFO] IntegrityCheckThread:86 - entering critical section [integrity check]
2026-06-11 07:39:59,412 [INFO] ThirdPartyUpdaterWithRetryManager:70 - Updater plugin not ready yet. [1/15]
2026-06-11 07:39:59,431 [INFO] PluginManage:359 - Loaded plugin tools (category:base,tabindex:7)
2026-06-11 07:39:59,431 [INFO] PluginManage:310 - Check plugin tutovideos
2026-06-11 07:39:59,763 [INFO] PluginManage:359 - Loaded plugin tutovideos (category:base,tabindex:-1)
2026-06-11 07:39:59,763 [INFO] PluginManage:310 - Check plugin updater
2026-06-11 07:39:59,786 [INFO] PluginManage:359 - Loaded plugin updater (category:base,tabindex:12)
2026-06-11 07:39:59,786 [INFO] PluginManage:310 - Check plugin userauth
2026-06-11 07:39:59,791 [INFO] UserAuth:118 - Init User Auth plugin
2026-06-11 07:39:59,793 [INFO] PluginManage:359 - Loaded plugin userauth (category:base,tabindex:14)
2026-06-11 07:39:59,794 [INFO] PluginManage:283 - PluginManage : Loaded plugins [18]
2026-06-11 07:40:00,024 [INFO] PinOutPanel:1589 - setPackage(No Configuration,No Configuration)
2026-06-11 07:40:00,123 [INFO] CADModel:165 - CPN selected for project level
2026-06-11 07:40:00,124 [INFO] CADModel:114 - Register for checkConnection events
2026-06-11 07:40:00,206 [INFO] IPUIPlugin:80 - create IPUIPlugin
2026-06-11 07:40:00,207 [INFO] PluginManager:220 - loadIPPluginJar : add adc
2026-06-11 07:40:00,239 [INFO] IPUIPlugin:80 - create IPUIPlugin
2026-06-11 07:40:00,239 [INFO] PluginManager:220 - loadIPPluginJar : add aes
2026-06-11 07:40:00,265 [INFO] IPUIPlugin:80 - create IPUIPlugin
2026-06-11 07:40:00,265 [INFO] PluginManager:220 - loadIPPluginJar : add can
2026-06-11 07:40:00,283 [INFO] IPUIPlugin:80 - create IPUIPlugin
2026-06-11 07:40:00,284 [INFO] PluginManager:220 - loadIPPluginJar : add comp
2026-06-11 07:40:00,325 [INFO] IPUIPlugin:80 - create IPUIPlugin
2026-06-11 07:40:00,325 [INFO] PluginManager:220 - loadIPPluginJar : add cryp
2026-06-11 07:40:00,339 [INFO] IPUIPlugin:80 - create IPUIPlugin
2026-06-11 07:40:00,339 [INFO] PluginManager:220 - loadIPPluginJar : add ddr_ctrl_phy
2026-06-11 07:40:00,367 [INFO] IPUIPlugin:80 - create IPUIPlugin
2026-06-11 07:40:00,367 [INFO] PluginManager:220 - loadIPPluginJar : add dfsdm
2026-06-11 07:40:00,454 [INFO] IPUIPlugin:80 - create IPUIPlugin
2026-06-11 07:40:00,456 [INFO] PluginManager:220 - loadIPPluginJar : add dma
2026-06-11 07:40:00,488 [INFO] IPUIPlugin:80 - create IPUIPlugin
2026-06-11 07:40:00,488 [INFO] PluginManager:220 - loadIPPluginJar : add dma3
2026-06-11 07:40:00,515 [INFO] IPUIPlugin:80 - create IPUIPlugin
2026-06-11 07:40:00,516 [INFO] PluginManager:220 - loadIPPluginJar : add extmemmanager
2026-06-11 07:40:00,531 [INFO] IPUIPlugin:80 - create IPUIPlugin
2026-06-11 07:40:00,531 [INFO] PluginManager:220 - loadIPPluginJar : add fatfs
2026-06-11 07:40:00,557 [INFO] IPUIPlugin:80 - create IPUIPlugin
2026-06-11 07:40:00,557 [INFO] PluginManager:220 - loadIPPluginJar : add fmc
2026-06-11 07:40:00,567 [INFO] IPUIPlugin:80 - create IPUIPlugin
2026-06-11 07:40:00,568 [INFO] PluginManager:220 - loadIPPluginJar : add freertos
2026-06-11 07:40:00,581 [INFO] IPUIPlugin:80 - create IPUIPlugin
2026-06-11 07:40:00,581 [INFO] PluginManager:220 - loadIPPluginJar : add genericplugin
2026-06-11 07:40:00,629 [INFO] IPUIPlugin:80 - create IPUIPlugin
2026-06-11 07:40:00,630 [INFO] PluginManager:220 - loadIPPluginJar : add gfxmmu
2026-06-11 07:40:00,703 [INFO] IPUIPlugin:80 - create IPUIPlugin
2026-06-11 07:40:00,703 [INFO] PluginManager:220 - loadIPPluginJar : add gic
2026-06-11 07:40:00,836 [INFO] IPUIPlugin:80 - create IPUIPlugin
2026-06-11 07:40:00,836 [INFO] PluginManager:220 - loadIPPluginJar : add gpio
2026-06-11 07:40:00,880 [INFO] IPUIPlugin:80 - create IPUIPlugin
2026-06-11 07:40:00,880 [INFO] PluginManager:220 - loadIPPluginJar : add gtzc
2026-06-11 07:40:00,901 [INFO] IPUIPlugin:80 - create IPUIPlugin
2026-06-11 07:40:00,901 [INFO] PluginManager:220 - loadIPPluginJar : add hash
2026-06-11 07:40:00,933 [INFO] IPUIPlugin:80 - create IPUIPlugin
2026-06-11 07:40:00,933 [INFO] PluginManager:220 - loadIPPluginJar : add i2c
2026-06-11 07:40:00,957 [INFO] IPUIPlugin:80 - create IPUIPlugin
2026-06-11 07:40:00,958 [INFO] PluginManager:220 - loadIPPluginJar : add i2s
2026-06-11 07:40:00,985 [INFO] IPUIPlugin:80 - create IPUIPlugin
2026-06-11 07:40:00,985 [INFO] PluginManager:220 - loadIPPluginJar : add i3c
2026-06-11 07:40:01,032 [INFO] IPUIPlugin:80 - create IPUIPlugin
2026-06-11 07:40:01,032 [INFO] PluginManager:220 - loadIPPluginJar : add ipddr
2026-06-11 07:40:01,098 [INFO] IPUIPlugin:80 - create IPUIPlugin
2026-06-11 07:40:01,098 [INFO] PluginManager:220 - loadIPPluginJar : add linkedlist
2026-06-11 07:40:01,125 [INFO] IPUIPlugin:80 - create IPUIPlugin
2026-06-11 07:40:01,125 [INFO] PluginManager:220 - loadIPPluginJar : add lorawan
2026-06-11 07:40:01,152 [INFO] IPUIPlugin:80 - create IPUIPlugin
2026-06-11 07:40:01,152 [INFO] PluginManager:220 - loadIPPluginJar : add ltdc
2026-06-11 07:40:01,279 [INFO] IPUIPlugin:80 - create IPUIPlugin
2026-06-11 07:40:01,279 [INFO] PluginManager:220 - loadIPPluginJar : add mdma
2026-06-11 07:40:01,416 [INFO] IPUIPlugin:80 - create IPUIPlugin
2026-06-11 07:40:01,416 [INFO] PluginManager:220 - loadIPPluginJar : add nvic
2026-06-11 07:40:01,437 [INFO] IPUIPlugin:80 - create IPUIPlugin
2026-06-11 07:40:01,437 [INFO] PluginManager:220 - loadIPPluginJar : add opamp
2026-06-11 07:40:01,468 [INFO] IPUIPlugin:80 - create IPUIPlugin
2026-06-11 07:40:01,468 [INFO] PluginManager:220 - loadIPPluginJar : add openamp
2026-06-11 07:40:01,493 [INFO] IPUIPlugin:80 - create IPUIPlugin
2026-06-11 07:40:01,493 [INFO] PluginManager:220 - loadIPPluginJar : add pdm2pcm
2026-06-11 07:40:01,604 [INFO] IPUIPlugin:80 - create IPUIPlugin
2026-06-11 07:40:01,607 [INFO] PluginManager:220 - loadIPPluginJar : add plateformsettings
2026-06-11 07:40:01,621 [INFO] IPUIPlugin:80 - create IPUIPlugin
2026-06-11 07:40:01,621 [INFO] PluginManager:220 - loadIPPluginJar : add quadspi
2026-06-11 07:40:01,639 [INFO] IPUIPlugin:80 - create IPUIPlugin
2026-06-11 07:40:01,639 [INFO] PluginManager:220 - loadIPPluginJar : add radio
2026-06-11 07:40:01,649 [INFO] IPUIPlugin:80 - create IPUIPlugin
2026-06-11 07:40:01,649 [INFO] PluginManager:220 - loadIPPluginJar : add resmgrutility
2026-06-11 07:40:01,675 [INFO] IPUIPlugin:80 - create IPUIPlugin
2026-06-11 07:40:01,676 [INFO] PluginManager:220 - loadIPPluginJar : add sai
2026-06-11 07:40:01,697 [INFO] IPUIPlugin:80 - create IPUIPlugin
2026-06-11 07:40:01,697 [INFO] PluginManager:220 - loadIPPluginJar : add spi
2026-06-11 07:40:01,730 [INFO] IPUIPlugin:80 - create IPUIPlugin
2026-06-11 07:40:01,730 [INFO] PluginManager:220 - loadIPPluginJar : add stm32_wpan
2026-06-11 07:40:01,744 [INFO] IPUIPlugin:80 - create IPUIPlugin
2026-06-11 07:40:01,744 [INFO] PluginManager:220 - loadIPPluginJar : add tim
2026-06-11 07:40:01,778 [INFO] IPUIPlugin:80 - create IPUIPlugin
2026-06-11 07:40:01,778 [INFO] PluginManager:220 - loadIPPluginJar : add touchsensing
2026-06-11 07:40:01,792 [INFO] IPUIPlugin:80 - create IPUIPlugin
2026-06-11 07:40:01,792 [INFO] PluginManager:220 - loadIPPluginJar : add tracer_emb
2026-06-11 07:40:01,806 [INFO] IPUIPlugin:80 - create IPUIPlugin
2026-06-11 07:40:01,806 [INFO] PluginManager:220 - loadIPPluginJar : add ts
2026-06-11 07:40:01,819 [INFO] IPUIPlugin:80 - create IPUIPlugin
2026-06-11 07:40:01,820 [INFO] PluginManager:220 - loadIPPluginJar : add tsc
2026-06-11 07:40:01,834 [INFO] IPUIPlugin:80 - create IPUIPlugin
2026-06-11 07:40:01,834 [INFO] PluginManager:220 - loadIPPluginJar : add ucpd
2026-06-11 07:40:01,858 [INFO] IPUIPlugin:80 - create IPUIPlugin
2026-06-11 07:40:01,858 [INFO] PluginManager:220 - loadIPPluginJar : add usart
2026-06-11 07:40:01,881 [INFO] IPUIPlugin:80 - create IPUIPlugin
2026-06-11 07:40:01,881 [INFO] PluginManager:220 - loadIPPluginJar : add usbx
2026-06-11 07:40:02,013 [FATAL] Updater:351 - Updater called before beeing initialized
2026-06-11 07:40:02,037 [INFO] RulesReader:64 - Compatibility file has been processed (317 Rules)
2026-06-11 07:40:02,050 [INFO] RulesReader:64 - Compatibility file has been processed (317 Rules)
2026-06-11 07:40:02,061 [INFO] CADModel:165 - CPN selected for project level
2026-06-11 07:40:02,062 [INFO] CADModel:114 - Register for checkConnection events
2026-06-11 07:40:02,062 [FATAL] Updater:351 - Updater called before beeing initialized
2026-06-11 07:40:02,062 [ERROR] CADModel:125 - Updater not yet initialized, retry later 
2026-06-11 07:40:02,231 [FATAL] Updater:351 - Updater called before beeing initialized
2026-06-11 07:40:02,234 [INFO] CADModel:165 - CPN selected for project level
2026-06-11 07:40:02,234 [INFO] CADModel:114 - Register for checkConnection events
2026-06-11 07:40:02,234 [FATAL] Updater:351 - Updater called before beeing initialized
2026-06-11 07:40:02,234 [ERROR] CADModel:125 - Updater not yet initialized, retry later 
2026-06-11 07:40:02,237 [FATAL] Updater:351 - Updater called before beeing initialized
2026-06-11 07:40:02,391 [FATAL] Updater:351 - Updater called before beeing initialized
2026-06-11 07:40:02,401 [INFO] DbMcusAds:53 - JSON generation date=Mon Apr 27 02:14:29 CST 2026 (1777277669924)
2026-06-11 07:40:02,401 [FATAL] Updater:351 - Updater called before beeing initialized
2026-06-11 07:40:02,412 [INFO] ThirdPartyUpdaterWithRetryManager:70 - Updater plugin not ready yet. [2/15]
2026-06-11 07:40:02,520 [WARN] DetailPanel:346 - Failed to get advertising image, set to default
2026-06-11 07:40:02,620 [FATAL] Updater:351 - Updater called before beeing initialized
2026-06-11 07:40:02,621 [FATAL] Updater:351 - Updater called before beeing initialized
2026-06-11 07:40:02,622 [FATAL] Updater:351 - Updater called before beeing initialized
2026-06-11 07:40:02,622 [WARN] DetailPanel:346 - Failed to get advertising image, set to default
2026-06-11 07:40:02,623 [FATAL] Updater:351 - Updater called before beeing initialized
2026-06-11 07:40:02,689 [ERROR] Updater:1198 - MainUpdater not yet initialized. External WinMGr cannot be set.
2026-06-11 07:40:02,695 [INFO] Updater:1134 - Updater Version found : 6.15.0
2026-06-11 07:40:02,714 [INFO] ApplicationProperties:184 - Using Application install path: C:\ST\STM32CubeIDE_1.19.0_UBA\STM32CubeIDE\plugins\com.st.stm32cube.common.mx_6.15.0.202507011659
2026-06-11 07:40:03,960 [INFO] MainUpdater:2872 - connection check result : 10
2026-06-11 07:40:03,960 [INFO] MainUpdater:289 - Updater Check For Update Now.
2026-06-11 07:40:03,961 [INFO] MicroXplorer:498 - Change Database Version : DB.6.0.150
2026-06-11 07:40:03,970 [INFO] McuFinderGlobals:63 - Set McuFinder mode to 2 (CubeIDE integrated)
2026-06-11 07:40:03,971 [INFO] UserAuth:171 - activating auth plugin
2026-06-11 07:40:03,974 [INFO] UserAuth:487 - Internet connection configuration mode: 1
2026-06-11 07:40:04,011 [INFO] JxBrowserEngine:152 - Initiate JxBrowser Engine with user profile folder
2026-06-11 07:40:04,191 [INFO] CheckServerUpdateThread:120 - End of CheckServer Thread
2026-06-11 07:40:05,746 [INFO] WebApp:169 - Instantiating new browser for Auth
2026-06-11 07:40:06,038 [WARN] PackLoader:240 - Cannot read IP mode file for STMicroelectronics.X-CUBE-AZRTOS-H7.3.5.0
2026-06-11 07:40:06,061 [WARN] PackLoader:240 - Cannot read IP mode file for STMicroelectronics.FP-SNS-MOTENVWB1.1.4.0
2026-06-11 07:40:06,076 [WARN] PackLoader:240 - Cannot read IP mode file for STMicroelectronics.FP-ATR-ASTRA1.2.0.2
2026-06-11 07:40:06,095 [ERROR] Engine:466 - C:\Users\javie\.stm32cubemx\thirdparties\pdsc\STMicroelectronics.X-CUBE-SMBUS.2.1.1.pdsc: PDSC version is not supported
2026-06-11 07:40:06,106 [WARN] PackLoader:240 - Cannot read IP mode file for STMicroelectronics.X-CUBE-SMBUS.2.1.0
2026-06-11 07:40:06,117 [WARN] PackLoader:240 - Cannot read IP mode file for STMicroelectronics.X-CUBE-ST60.1.0.0
2026-06-11 07:40:06,177 [WARN] PackLoader:240 - Cannot read IP mode file for STMicroelectronics.X-CUBE-AZRTOS-F7.1.1.0
2026-06-11 07:40:06,194 [WARN] PackLoader:240 - Cannot read IP mode file for STMicroelectronics.FP-SNS-MOTENV1.5.1.0
2026-06-11 07:40:06,217 [WARN] PackLoader:240 - Cannot read IP mode file for WES.I-CUBE-Cesium.1.4.0
2026-06-11 07:40:06,257 [WARN] PackLoader:240 - Cannot read IP mode file for Infineon.AIROC-Wi-Fi-Bluetooth-STM32.1.7.1
2026-06-11 07:40:06,307 [WARN] PackLoader:240 - Cannot read IP mode file for STMicroelectronics.X-CUBE-AZRTOS-H7.3.4.0
2026-06-11 07:40:06,332 [WARN] PackLoader:240 - Cannot read IP mode file for STMicroelectronics.X-CUBE-DISPLAY.3.0.0
2026-06-11 07:40:06,365 [WARN] PackLoader:240 - Cannot read IP mode file for STMicroelectronics.X-CUBE-GNSS1.7.1.1
2026-06-11 07:40:06,386 [WARN] PackLoader:240 - Cannot read IP mode file for STMicroelectronics.FP-SNS-MOTENVWB1.1.5.0
2026-06-11 07:40:06,407 [WARN] PackLoader:240 - Cannot read IP mode file for STMicroelectronics.X-CUBE-NFC10.1.0.0
2026-06-11 07:40:06,428 [WARN] PackLoader:240 - Cannot read IP mode file for STMicroelectronics.X-CUBE-ST60.1.1.0
2026-06-11 07:40:06,454 [WARN] PackLoader:240 - Cannot read IP mode file for emotas.I-CUBE-CANOPEN.1.3.0
2026-06-11 07:40:06,471 [WARN] PackLoader:240 - Cannot read IP mode file for STMicroelectronics.X-CUBE-GNSS1.7.1.0
2026-06-11 07:40:06,498 [WARN] PackLoader:240 - Cannot read IP mode file for STMicroelectronics.FP-SNS-STBOX1.2.1.0
2026-06-11 07:40:06,517 [WARN] PackLoader:240 - Cannot read IP mode file for STMicroelectronics.FP-SNS-SMARTAG2.1.2.0
2026-06-11 07:40:06,536 [WARN] PackLoader:240 - Cannot read IP mode file for STMicroelectronics.FP-SNS-FLIGHT1.5.1.0
2026-06-11 07:40:06,577 [INFO] LogOutputStream:77 - [STDOUT_REDIRECT] 1 : Invalid condition id : UX_CORESTACK_Condition cause : null
2026-06-11 07:40:06,579 [INFO] LogOutputStream:77 - [STDOUT_REDIRECT] 1 : Invalid condition id : UX_CORESTACK_Condition cause : null
2026-06-11 07:40:06,581 [INFO] LogOutputStream:77 - [STDOUT_REDIRECT] 1 : Invalid condition id : UX_CORESTACK_Condition cause : null
2026-06-11 07:40:06,583 [INFO] LogOutputStream:77 - [STDOUT_REDIRECT] 1 : Invalid condition id : UX_CORESTACK_Condition cause : null
2026-06-11 07:40:06,585 [INFO] LogOutputStream:77 - [STDOUT_REDIRECT] 1 : Invalid condition id : UX_CORESTACK_Condition cause : null
2026-06-11 07:40:06,590 [WARN] PackLoader:240 - Cannot read IP mode file for STMicroelectronics.X-CUBE-AZRTOS-WL.2.0.0
2026-06-11 07:40:06,604 [WARN] PackLoader:240 - Cannot read IP mode file for STMicroelectronics.FP-SNS-MOTENV1.5.0.0
2026-06-11 07:40:06,681 [WARN] PackLoader:240 - Cannot read IP mode file for STMicroelectronics.X-CUBE-AZRTOS-H7RS.1.2.0
2026-06-11 07:40:06,709 [WARN] PackLoader:240 - Cannot read IP mode file for WES.I-CUBE-Cesium.1.3.0
2026-06-11 07:40:06,727 [WARN] PackLoader:240 - Cannot read IP mode file for STMicroelectronics.X-CUBE-BLE2.3.3.0
2026-06-11 07:40:06,819 [WARN] PackLoader:240 - Cannot read IP mode file for Infineon.AIROC-Wi-Fi-Bluetooth-STM32.1.8.0
2026-06-11 07:40:06,846 [WARN] PackLoader:240 - Cannot read IP mode file for STMicroelectronics.X-CUBE-NFC9.1.0.0
2026-06-11 07:40:06,869 [WARN] PackLoader:240 - Cannot read IP mode file for wolfSSL.I-CUBE-wolfSSL.5.8.2
2026-06-11 07:40:06,888 [WARN] PackLoader:240 - Cannot read IP mode file for STMicroelectronics.X-CUBE-BLE1.7.1.0
2026-06-11 07:40:06,902 [WARN] PackLoader:240 - Cannot read IP mode file for wolfSSL.I-CUBE-wolfMQTT.1.19.2
2026-06-11 07:40:06,924 [WARN] PackLoader:240 - Cannot read IP mode file for STMicroelectronics.X-CUBE-EEPRMA1.5.2.0
2026-06-11 07:40:06,949 [WARN] PackLoader:240 - Cannot read IP mode file for wolfSSL.I-CUBE-wolfSSL.5.8.4
2026-06-11 07:40:06,964 [WARN] PackLoader:240 - Cannot read IP mode file for Cesanta.I-CUBE-Mongoose.7.20.0
2026-06-11 07:40:06,982 [WARN] PackLoader:240 - Cannot read IP mode file for STMicroelectronics.FP-SNS-STAIOTCFT.1.1.0
2026-06-11 07:40:07,086 [WARN] PackLoader:240 - Cannot read IP mode file for STMicroelectronics.X-CUBE-MEMS1.12.0.0
2026-06-11 07:40:07,425 [WARN] PackLoader:240 - Cannot read IP mode file for STMicroelectronics.X-CUBE-AZRTOS-G0.1.1.0
2026-06-11 07:40:07,457 [WARN] PackLoader:240 - Cannot read IP mode file for STMicroelectronics.X-CUBE-SAFEA1.1.2.2
2026-06-11 07:40:07,479 [WARN] PackLoader:240 - Cannot read IP mode file for STMicroelectronics.X-CUBE-NFC4.3.0.0
2026-06-11 07:40:07,508 [WARN] PackLoader:240 - Cannot read IP mode file for EmbeddedOffice.I-CUBE-FS-RTOS.1.0.1
2026-06-11 07:40:07,527 [WARN] PackLoader:240 - Cannot read IP mode file for STMicroelectronics.X-CUBE-WB05N.2.0.0
2026-06-11 07:40:07,542 [WARN] PackLoader:240 - Cannot read IP mode file for wolfSSL.I-CUBE-wolfTPM.3.8.0
2026-06-11 07:40:07,567 [WARN] PackLoader:240 - Cannot read IP mode file for STMicroelectronics.X-CUBE-TCPP.4.2.0
2026-06-11 07:40:07,582 [INFO] WebApp:463 - Apply proxy settings
2026-06-11 07:40:07,582 [INFO] WebApp:548 - Chromium requires no authentication
2026-06-11 07:40:07,590 [WARN] PackLoader:240 - Cannot read IP mode file for RealThread.X-CUBE-RT-Thread_Nano.4.1.1
2026-06-11 07:40:07,599 [INFO] WebApp:491 - Direct internet connection detected
2026-06-11 07:40:07,606 [WARN] PackLoader:240 - Cannot read IP mode file for STMicroelectronics.FP-ATR-SIGFOX1.3.2.0
2026-06-11 07:40:07,628 [WARN] PackLoader:240 - Cannot read IP mode file for STMicroelectronics.X-CUBE-FREERTOS.1.5.0
2026-06-11 07:40:07,655 [WARN] PackLoader:240 - Cannot read IP mode file for ITTIA_DB.I-CUBE-ITTIADB.8.9.0
2026-06-11 07:40:07,667 [INFO] WebApp:900 - Register for checkConnection events
2026-06-11 07:40:07,668 [INFO] WebApp:463 - Apply proxy settings
2026-06-11 07:40:07,668 [INFO] WebApp:548 - Chromium requires no authentication
2026-06-11 07:40:07,669 [INFO] WebApp:491 - Direct internet connection detected
2026-06-11 07:40:07,680 [WARN] PackLoader:240 - Cannot read IP mode file for STMicroelectronics.X-CUBE-NFC6.3.2.0
2026-06-11 07:40:07,710 [WARN] PackLoader:240 - Cannot read IP mode file for STMicroelectronics.X-CUBE-ST67W61.1.0.0
2026-06-11 07:40:07,725 [WARN] PackLoader:240 - Cannot read IP mode file for STMicroelectronics.X-CUBE-AI.10.2.0
2026-06-11 07:40:07,817 [WARN] PackLoader:240 - Cannot read IP mode file for STMicroelectronics.X-CUBE-MEMS1.12.1.0
2026-06-11 07:40:07,987 [WARN] PackLoader:240 - Cannot read IP mode file for SEGGER.I-CUBE-embOS.1.3.1
2026-06-11 07:40:07,993 [INFO] WebApp:191 - Connection restablished
2026-06-11 07:40:08,050 [WARN] PackLoader:240 - Cannot read IP mode file for STMicroelectronics.X-CUBE-ALGOBUILD.1.4.0
2026-06-11 07:40:08,158 [WARN] PackLoader:240 - Cannot read IP mode file for STMicroelectronics.X-CUBE-MEMS1.11.3.0
2026-06-11 07:40:08,211 [INFO] WebApp:225 - Starting web application
2026-06-11 07:40:08,211 [INFO] WebApp:593 - Web application path used C:\ST\STM32CubeIDE_1.19.0_UBA\STM32CubeIDE\plugins\com.st.stm32cube.common.mx_6.15.0.202507011659\db\plugins\mcufinder\reactClient1\index.html
2026-06-11 07:40:08,340 [WARN] PackLoader:240 - Cannot read IP mode file for STMicroelectronics.X-CUBE-PM33A1.1.0.0
2026-06-11 07:40:08,395 [WARN] PackLoader:240 - Cannot read IP mode file for STMicroelectronics.X-CUBE-AZRTOS-F4.1.1.0
2026-06-11 07:40:08,416 [WARN] PackLoader:240 - Cannot read IP mode file for Avnet-IotConnect.X-CUBE-IoTC-DA16k-PMOD.1.0.0
2026-06-11 07:40:08,430 [WARN] PackLoader:240 - Cannot read IP mode file for STMicroelectronics.X-CUBE-ISPU.2.1.0
2026-06-11 07:40:08,461 [WARN] PackLoader:240 - Cannot read IP mode file for STMicroelectronics.X-CUBE-IPS.3.2.0
2026-06-11 07:40:08,484 [WARN] PackLoader:240 - Cannot read IP mode file for STMicroelectronics.eDS-WB_DPC_TT-BIDIR.2.1.1
2026-06-11 07:40:08,504 [WARN] PackLoader:240 - Cannot read IP mode file for STMicroelectronics.X-CUBE-NFC12.1.0.0
2026-06-11 07:40:08,586 [WARN] PackLoader:240 - Cannot read IP mode file for STMicroelectronics.X-CUBE-AZRTOS-L5.2.0.0
2026-06-11 07:40:08,638 [WARN] PackLoader:240 - Cannot read IP mode file for STMicroelectronics.X-CUBE-NFC6.3.1.0
2026-06-11 07:40:08,664 [WARN] PackLoader:240 - Cannot read IP mode file for STMicroelectronics.X-CUBE-ALGOBUILD.1.5.0
2026-06-11 07:40:08,701 [WARN] PackLoader:240 - Cannot read IP mode file for STMicroelectronics.eDS-WB_DPC_VIENNA.1.2.0
2026-06-11 07:40:08,721 [WARN] PackLoader:240 - Cannot read IP mode file for STMicroelectronics.eDS-WB_DPC_3PH2L-BIDIR.1.1.1
2026-06-11 07:40:08,761 [ERROR] Engine:466 - C:\Users\javie\.stm32cubemx\thirdparties\pdsc\STMicroelectronics.X-CUBE-ST67W61.1.3.0.pdsc: PDSC version is not supported
2026-06-11 07:40:08,783 [WARN] PackLoader:240 - Cannot read IP mode file for STMicroelectronics.X-CUBE-FREERTOS.1.3.1
2026-06-11 07:40:08,806 [WARN] PackLoader:240 - Cannot read IP mode file for STMicroelectronics.X-CUBE-TOUCHGFX.4.26.1
2026-06-11 07:40:08,825 [WARN] PackLoader:240 - Cannot read IP mode file for STMicroelectronics.FP-SNS-STAIOTCFT.1.0.0
2026-06-11 07:40:08,849 [WARN] PackLoader:240 - Cannot read IP mode file for STMicroelectronics.X-CUBE-DPower.1.3.0
2026-06-11 07:40:08,915 [WARN] ConditionMgr:438 - getConditionDescription Invalid condition id : LAN8742 Phy interface Condition cause : null
2026-06-11 07:40:08,916 [WARN] PackLoader:240 - Cannot read IP mode file for STMicroelectronics.X-CUBE-AZRTOS-L4.2.0.0
2026-06-11 07:40:08,918 [WARN] ConditionMgr:1044 - genDependencies : Invalid condition id : LAN8742 Phy interface Condition cause : null
2026-06-11 07:40:08,918 [WARN] ConditionMgr:1044 - genDependencies : Invalid condition id : LAN8742 Phy interface Condition cause : null
2026-06-11 07:40:08,919 [WARN] ConditionMgr:1044 - genDependencies : Invalid condition id : LAN8742 Phy interface Condition cause : null
2026-06-11 07:40:08,940 [WARN] PackLoader:240 - Cannot read IP mode file for STMicroelectronics.X-CUBE-SFXS2LP1.4.0.0
2026-06-11 07:40:08,957 [WARN] PackLoader:240 - Cannot read IP mode file for STMicroelectronics.X-CUBE-WB05N.2.1.0
2026-06-11 07:40:08,985 [WARN] PackLoader:240 - Cannot read IP mode file for STMicroelectronics.X-CUBE-ST67W61.1.2.0
2026-06-11 07:40:09,019 [WARN] PackLoader:240 - Cannot read IP mode file for STMicroelectronics.X-CUBE-BLEMGR.4.1.0
2026-06-11 07:40:09,076 [WARN] ConditionMgr:438 - getConditionDescription Invalid condition id : UX DEVICE CLASS RTOS Condition cause : null
2026-06-11 07:40:09,077 [WARN] ConditionMgr:438 - getConditionDescription Invalid condition id : UX DEVICE CLASS RTOS Condition cause : null
2026-06-11 07:40:09,080 [WARN] PackLoader:240 - Cannot read IP mode file for STMicroelectronics.X-CUBE-AZRTOS-WB.2.0.0
2026-06-11 07:40:09,080 [WARN] ConditionMgr:1044 - genDependencies : Invalid condition id : UX DEVICE CLASS RTOS Condition cause : null
2026-06-11 07:40:09,081 [WARN] ConditionMgr:1044 - genDependencies : Invalid condition id : UX DEVICE CLASS RTOS Condition cause : null
2026-06-11 07:40:09,081 [WARN] ConditionMgr:1044 - genDependencies : Invalid condition id : UX DEVICE CLASS RTOS Condition cause : null
2026-06-11 07:40:09,081 [WARN] ConditionMgr:1044 - genDependencies : Invalid condition id : UX DEVICE CLASS RTOS Condition cause : null
2026-06-11 07:40:09,082 [WARN] ConditionMgr:1044 - genDependencies : Invalid condition id : UX DEVICE CLASS RTOS Condition cause : null
2026-06-11 07:40:09,096 [WARN] PackLoader:240 - Cannot read IP mode file for STMicroelectronics.X-CUBE-GNSS1.7.0.1
2026-06-11 07:40:09,108 [WARN] PackLoader:240 - Cannot read IP mode file for STMicroelectronics.X-CUBE-TOUCHGFX.4.25.0
2026-06-11 07:40:09,121 [WARN] ConditionMgr:438 - getConditionDescription Invalid condition id : Cortex-A Device cause : null
2026-06-11 07:40:09,135 [WARN] ConditionMgr:1044 - genDependencies : Invalid condition id : Cortex-A Device cause : null
2026-06-11 07:40:09,135 [WARN] ConditionMgr:1044 - genDependencies : Invalid condition id : Cortex-A Device cause : null
2026-06-11 07:40:09,135 [WARN] ConditionMgr:1044 - genDependencies : Invalid condition id : Cortex-A Device cause : null
2026-06-11 07:40:09,160 [WARN] PackLoader:240 - Cannot read IP mode file for STMicroelectronics.X-CUBE-STSE01.2.0.0
2026-06-11 07:40:09,190 [WARN] PackLoader:240 - Cannot read IP mode file for STMicroelectronics.X-CUBE-SUBG2.5.0.0
2026-06-11 07:40:09,255 [WARN] PackLoader:240 - Cannot read IP mode file for STMicroelectronics.X-CUBE-AZRTOS-H7RS.1.1.0
2026-06-11 07:40:09,272 [WARN] PackLoader:240 - Cannot read IP mode file for Cesanta.I-CUBE-Mongoose.7.13.0
2026-06-11 07:40:09,326 [WARN] PackLoader:240 - Cannot read IP mode file for STMicroelectronics.X-CUBE-AZRTOS-G4.2.0.0
2026-06-11 07:40:09,342 [WARN] PackLoader:240 - Cannot read IP mode file for wolfSSL.I-CUBE-wolfSSH.1.4.20
2026-06-11 07:40:09,357 [WARN] PackLoader:240 - Cannot read IP mode file for STMicroelectronics.X-CUBE-NFC7.2.0.0
2026-06-11 07:40:09,381 [WARN] PackLoader:240 - Cannot read IP mode file for STMicroelectronics.X-CUBE-IPS.3.1.0
2026-06-11 07:40:09,403 [WARN] PackLoader:240 - Cannot read IP mode file for STMicroelectronics.X-CUBE-ALS.1.0.2
2026-06-11 07:40:09,424 [WARN] PackLoader:240 - Cannot read IP mode file for portGmbH.I-Cube-SoM-uGOAL.1.1.0
2026-06-11 07:40:09,448 [WARN] PackLoader:240 - Cannot read IP mode file for STMicroelectronics.X-CUBE-TOF1.3.4.3
2026-06-11 07:40:09,464 [INFO] ThirdParty:978 - Integrity check success = true
2026-06-11 07:40:09,465 [INFO] IntegrityCheckThread:100 - exiting critical section [integrity check]
2026-06-11 07:40:09,465 [INFO] IntegrityCheckThread:103 - End integrity checks thread
2026-06-11 07:44:26,815 [ERROR] LogOutputStream:75 - [STDERR_REDIRECT] 
